{"C:\\Users\\Devi Andri Aldi\\Documents\\altera\\Tugas-Week2\\TypeScript-1\\Part1\\problem1\\problem1.ts": {"path":"C:\\Users\\Devi Andri Aldi\\Documents\\altera\\Tugas-Week2\\TypeScript-1\\Part1\\problem1\\problem1.ts","statementMap":{"0":{"start":{"line":1,"column":23},"end":{"line":11,"column":1}},"1":{"start":{"line":4,"column":29},"end":{"line":4,"column":31}},"2":{"start":{"line":5,"column":29},"end":{"line":5,"column":46}},"3":{"start":{"line":6,"column":2},"end":{"line":8,"column":null}},"4":{"start":{"line":6,"column":15},"end":{"line":6,"column":16}},"5":{"start":{"line":7,"column":4},"end":{"line":7,"column":42}},"6":{"start":{"line":10,"column":2},"end":{"line":10,"column":24}},"7":{"start":{"line":1,"column":13},"end":{"line":1,"column":23}}},"fnMap":{"0":{"name":"(anonymous_0)","decl":{"start":{"line":1,"column":23},"end":{"line":1,"column":24}},"loc":{"start":{"line":1,"column":42},"end":{"line":11,"column":1}}}},"branchMap":{},"s":{"0":1,"1":5,"2":5,"3":5,"4":5,"5":24,"6":5,"7":1},"f":{"0":5},"b":{}}
,"C:\\Users\\Devi Andri Aldi\\Documents\\altera\\Tugas-Week2\\TypeScript-1\\Part1\\problem2\\problem2.ts": {"path":"C:\\Users\\Devi Andri Aldi\\Documents\\altera\\Tugas-Week2\\TypeScript-1\\Part1\\problem2\\problem2.ts","statementMap":{"0":{"start":{"line":1,"column":29},"end":{"line":21,"column":1}},"1":{"start":{"line":4,"column":34},"end":{"line":4,"column":36}},"2":{"start":{"line":5,"column":31},"end":{"line":5,"column":59}},"3":{"start":{"line":7,"column":2},"end":{"line":18,"column":null}},"4":{"start":{"line":7,"column":15},"end":{"line":7,"column":16}},"5":{"start":{"line":8,"column":4},"end":{"line":17,"column":null}},"6":{"start":{"line":9,"column":28},"end":{"line":9,"column":77}},"7":{"start":{"line":10,"column":6},"end":{"line":16,"column":null}},"8":{"start":{"line":11,"column":8},"end":{"line":11,"column":78}},"9":{"start":{"line":13,"column":8},"end":{"line":15,"column":10}},"10":{"start":{"line":20,"column":2},"end":{"line":20,"column":29}},"11":{"start":{"line":1,"column":13},"end":{"line":1,"column":29}}},"fnMap":{"0":{"name":"(anonymous_0)","decl":{"start":{"line":1,"column":29},"end":{"line":1,"column":30}},"loc":{"start":{"line":1,"column":52},"end":{"line":21,"column":1}}}},"branchMap":{"0":{"loc":{"start":{"line":8,"column":4},"end":{"line":17,"column":null}},"type":"if","locations":[{"start":{"line":8,"column":4},"end":{"line":17,"column":null}}]},"1":{"loc":{"start":{"line":10,"column":6},"end":{"line":16,"column":null}},"type":"if","locations":[{"start":{"line":10,"column":6},"end":{"line":16,"column":null}},{"start":{"line":12,"column":13},"end":{"line":16,"column":null}}]}},"s":{"0":1,"1":5,"2":5,"3":5,"4":5,"5":200,"6":168,"7":168,"8":9,"9":159,"10":5,"11":1},"f":{"0":5},"b":{"0":[168],"1":[9,159]}}
,"C:\\Users\\Devi Andri Aldi\\Documents\\altera\\Tugas-Week2\\TypeScript-1\\Part1\\problem3\\problem3.ts": {"path":"C:\\Users\\Devi Andri Aldi\\Documents\\altera\\Tugas-Week2\\TypeScript-1\\Part1\\problem3\\problem3.ts","statementMap":{"0":{"start":{"line":1,"column":33},"end":{"line":14,"column":1}},"1":{"start":{"line":4,"column":22},"end":{"line":4,"column":23}},"2":{"start":{"line":6,"column":2},"end":{"line":8,"column":null}},"3":{"start":{"line":7,"column":4},"end":{"line":7,"column":60}},"4":{"start":{"line":10,"column":2},"end":{"line":12,"column":null}},"5":{"start":{"line":11,"column":4},"end":{"line":11,"column":16}},"6":{"start":{"line":13,"column":2},"end":{"line":13,"column":15}},"7":{"start":{"line":1,"column":13},"end":{"line":1,"column":33}}},"fnMap":{"0":{"name":"(anonymous_0)","decl":{"start":{"line":1,"column":33},"end":{"line":1,"column":34}},"loc":{"start":{"line":1,"column":49},"end":{"line":14,"column":1}}}},"branchMap":{"0":{"loc":{"start":{"line":10,"column":2},"end":{"line":12,"column":null}},"type":"if","locations":[{"start":{"line":10,"column":2},"end":{"line":12,"column":null}}]}},"s":{"0":1,"1":6,"2":6,"3":14,"4":6,"5":3,"6":3,"7":1},"f":{"0":6},"b":{"0":[3]}}
,"C:\\Users\\Devi Andri Aldi\\Documents\\altera\\Tugas-Week2\\TypeScript-1\\Part1\\problem4\\problem4.ts": {"path":"C:\\Users\\Devi Andri Aldi\\Documents\\altera\\Tugas-Week2\\TypeScript-1\\Part1\\problem4\\problem4.ts","statementMap":{"0":{"start":{"line":1,"column":25},"end":{"line":19,"column":1}},"1":{"start":{"line":3,"column":27},"end":{"line":3,"column":55}},"2":{"start":{"line":4,"column":21},"end":{"line":4,"column":30}},"3":{"start":{"line":6,"column":2},"end":{"line":13,"column":null}},"4":{"start":{"line":7,"column":4},"end":{"line":12,"column":null}},"5":{"start":{"line":11,"column":6},"end":{"line":11,"column":43}},"6":{"start":{"line":15,"column":2},"end":{"line":17,"column":null}},"7":{"start":{"line":16,"column":4},"end":{"line":16,"column":16}},"8":{"start":{"line":18,"column":2},"end":{"line":18,"column":15}},"9":{"start":{"line":1,"column":13},"end":{"line":1,"column":25}}},"fnMap":{"0":{"name":"(anonymous_0)","decl":{"start":{"line":1,"column":25},"end":{"line":1,"column":26}},"loc":{"start":{"line":1,"column":43},"end":{"line":19,"column":1}}}},"branchMap":{"0":{"loc":{"start":{"line":7,"column":4},"end":{"line":12,"column":null}},"type":"if","locations":[{"start":{"line":7,"column":4},"end":{"line":12,"column":null}}]},"1":{"loc":{"start":{"line":8,"column":6},"end":{"line":9,"column":43}},"type":"binary-expr","locations":[{"start":{"line":8,"column":6},"end":{"line":8,"column":43}},{"start":{"line":9,"column":6},"end":{"line":9,"column":43}}]},"2":{"loc":{"start":{"line":15,"column":2},"end":{"line":17,"column":null}},"type":"if","locations":[{"start":{"line":15,"column":2},"end":{"line":17,"column":null}}]}},"s":{"0":1,"1":4,"2":4,"3":4,"4":185,"5":157,"6":4,"7":2,"8":2,"9":1},"f":{"0":4},"b":{"0":[157],"1":[185,28],"2":[2]}}
}
