TN:
SF:Part1\problem1\problem1.ts
FN:1,(anonymous_0)
FNF:1
FNH:1
FNDA:5,(anonymous_0)
DA:1,1
DA:4,5
DA:5,5
DA:6,5
DA:7,24
DA:10,5
LF:6
LH:6
BRF:0
BRH:0
end_of_record
TN:
SF:Part1\problem2\problem2.ts
FN:1,(anonymous_0)
FNF:1
FNH:1
FNDA:5,(anonymous_0)
DA:1,1
DA:4,5
DA:5,5
DA:7,5
DA:8,200
DA:9,168
DA:10,168
DA:11,9
DA:13,159
DA:20,5
LF:10
LH:10
BRDA:8,0,0,168
BRDA:10,1,0,9
BRDA:10,1,1,159
BRF:3
BRH:3
end_of_record
TN:
SF:Part1\problem3\problem3.ts
FN:1,(anonymous_0)
FNF:1
FNH:1
FNDA:6,(anonymous_0)
DA:1,1
DA:4,6
DA:6,6
DA:7,14
DA:10,6
DA:11,3
DA:13,3
LF:7
LH:7
BRDA:10,0,0,3
BRF:1
BRH:1
end_of_record
TN:
SF:Part1\problem4\problem4.ts
FN:1,(anonymous_0)
FNF:1
FNH:1
FNDA:4,(anonymous_0)
DA:1,1
DA:3,4
DA:4,4
DA:6,4
DA:7,185
DA:11,157
DA:15,4
DA:16,2
DA:18,2
LF:9
LH:9
BRDA:7,0,0,157
BRDA:8,1,0,185
BRDA:8,1,1,28
BRDA:15,2,0,2
BRF:4
BRH:4
end_of_record
